0 info it worked if it ends with ok
1 verbose cli [ '/usr/bin/node', '/usr/bin/npm', 'install' ]
2 info using npm@1.4.28
3 info using node@v0.10.33
4 verbose node symlink /usr/bin/node
5 warn package.json quizalize@0.1.0 No README data
6 verbose readDependencies using package.json deps
7 verbose install where, deps [ '/home/ubuntu/Cwiz/quizalize',
7 verbose install   [ 'aws-sdk',
7 verbose install     'body-parser',
7 verbose install     'express',
7 verbose install     'marked',
7 verbose install     'express-session',
7 verbose install     'jade',
7 verbose install     'serve-favicon',
7 verbose install     'xmlhttprequest',
7 verbose install     'zzishsdk' ] ]
8 info preinstall quizalize@0.1.0
9 verbose readDependencies using package.json deps
10 verbose already installed skipping express-session@^1.9.3 /home/ubuntu/Cwiz/quizalize
11 verbose already installed skipping jade@1.8.2 /home/ubuntu/Cwiz/quizalize
12 verbose already installed skipping serve-favicon@^2.1.5 /home/ubuntu/Cwiz/quizalize
13 verbose already installed skipping xmlhttprequest@^1.7.0 /home/ubuntu/Cwiz/quizalize
14 verbose cache add [ 'zzishsdk@0.1.5', null ]
15 verbose cache add name=undefined spec="zzishsdk@0.1.5" args=["zzishsdk@0.1.5",null]
16 verbose parsed url { protocol: null,
16 verbose parsed url   slashes: null,
16 verbose parsed url   auth: null,
16 verbose parsed url   host: null,
16 verbose parsed url   port: null,
16 verbose parsed url   hostname: null,
16 verbose parsed url   hash: null,
16 verbose parsed url   search: null,
16 verbose parsed url   query: null,
16 verbose parsed url   pathname: 'zzishsdk@0.1.5',
16 verbose parsed url   path: 'zzishsdk@0.1.5',
16 verbose parsed url   href: 'zzishsdk@0.1.5' }
17 verbose cache add name="zzishsdk" spec="0.1.5" args=["zzishsdk","0.1.5"]
18 verbose parsed url { protocol: null,
18 verbose parsed url   slashes: null,
18 verbose parsed url   auth: null,
18 verbose parsed url   host: null,
18 verbose parsed url   port: null,
18 verbose parsed url   hostname: null,
18 verbose parsed url   hash: null,
18 verbose parsed url   search: null,
18 verbose parsed url   query: null,
18 verbose parsed url   pathname: '0.1.5',
18 verbose parsed url   path: '0.1.5',
18 verbose parsed url   href: '0.1.5' }
19 verbose addNamed [ 'zzishsdk', '0.1.5' ]
20 verbose addNamed [ '0.1.5', '0.1.5' ]
21 verbose already installed skipping aws-sdk@^2.0.19 /home/ubuntu/Cwiz/quizalize
22 silly lockFile ea199cf7-zzishsdk-0-1-5 zzishsdk@0.1.5
23 verbose lock zzishsdk@0.1.5 /home/ubuntu/.npm/ea199cf7-zzishsdk-0-1-5.lock
24 verbose already installed skipping body-parser@^1.10 /home/ubuntu/Cwiz/quizalize
25 verbose request where is /zzishsdk
26 verbose request registry https://registry.npmjs.org/
27 verbose request id 51daad6f23f58ceb
28 verbose url raw /zzishsdk
29 verbose url resolving [ 'https://registry.npmjs.org/', './zzishsdk' ]
30 verbose url resolved https://registry.npmjs.org/zzishsdk
31 verbose request where is https://registry.npmjs.org/zzishsdk
32 info trying registry request attempt 1 at 15:42:03
33 verbose etag "2Z17BI8Z0WE60FP8994ICMXE0"
34 http GET https://registry.npmjs.org/zzishsdk
35 verbose already installed skipping express@^4.10.3 /home/ubuntu/Cwiz/quizalize
36 verbose already installed skipping marked@^0.3.2 /home/ubuntu/Cwiz/quizalize
37 http 304 https://registry.npmjs.org/zzishsdk
38 silly registry.get cb [ 304,
38 silly registry.get   { date: 'Thu, 29 Jan 2015 15:41:12 GMT',
38 silly registry.get     server: 'Apache',
38 silly registry.get     via: '1.1 varnish',
38 silly registry.get     'last-modified': 'Thu, 29 Jan 2015 15:41:13 GMT',
38 silly registry.get     'cache-control': 'max-age=60',
38 silly registry.get     etag: '"2Z17BI8Z0WE60FP8994ICMXE0"',
38 silly registry.get     age: '0',
38 silly registry.get     'x-served-by': 'cache-lcy1123-LCY',
38 silly registry.get     'x-cache': 'MISS',
38 silly registry.get     'x-cache-hits': '0',
38 silly registry.get     'x-timer': 'S1422546072.544399,VS0,VE652',
38 silly registry.get     vary: 'Accept',
38 silly registry.get     'content-length': '0',
38 silly registry.get     'keep-alive': 'timeout=10, max=50',
38 silly registry.get     connection: 'Keep-Alive' } ]
39 verbose etag https://registry.npmjs.org/zzishsdk from cache
40 silly lockFile ea199cf7-zzishsdk-0-1-5 zzishsdk@0.1.5
41 silly lockFile ea199cf7-zzishsdk-0-1-5 zzishsdk@0.1.5
42 error Error: version not found: zzishsdk@0.1.5
42 error     at /usr/lib/node_modules/npm/lib/cache/add-named.js:125:12
42 error     at saved (/usr/lib/node_modules/npm/node_modules/npm-registry-client/lib/get.js:167:7)
42 error     at Object.oncomplete (fs.js:107:15)
43 error If you need help, you may report this *entire* log,
43 error including the npm and node versions, at:
43 error     <http://github.com/npm/npm/issues>
44 error System Linux 3.13.0-36-generic
45 error command "/usr/bin/node" "/usr/bin/npm" "install"
46 error cwd /home/ubuntu/Cwiz/quizalize
47 error node -v v0.10.33
48 error npm -v 1.4.28
49 verbose exit [ 1, true ]
